<?xml version="1.0" encoding="UTF-8" ?>
<testsuite tests="11" failures="0" name="runners.TestRunner" time="55.373" errors="0" skipped="0">
  <properties>
    <property name="java.runtime.name" value="Java(TM) SE Runtime Environment"/>
    <property name="java.vm.version" value="14.0.1+7"/>
    <property name="sun.boot.library.path" value="C:\Program Files\Java\jdk-14.0.1\bin"/>
    <property name="maven.multiModuleProjectDirectory" value="F:\kodingan\baskoro-cermati-web"/>
    <property name="java.vm.vendor" value="Oracle Corporation"/>
    <property name="java.vendor.url" value="https://java.oracle.com/"/>
    <property name="guice.disable.misplaced.annotation.check" value="true"/>
    <property name="path.separator" value=";"/>
    <property name="java.vm.name" value="Java HotSpot(TM) 64-Bit Server VM"/>
    <property name="sun.os.patch.level" value=""/>
    <property name="user.script" value=""/>
    <property name="user.country" value="US"/>
    <property name="sun.java.launcher" value="SUN_STANDARD"/>
    <property name="java.vm.specification.name" value="Java Virtual Machine Specification"/>
    <property name="user.dir" value="F:\kodingan\baskoro-cermati-web"/>
    <property name="java.vm.compressedOopsMode" value="Zero based"/>
    <property name="java.runtime.version" value="14.0.1+7"/>
    <property name="os.arch" value="amd64"/>
    <property name="java.io.tmpdir" value="C:\Users\BOSKI\AppData\Local\Temp\"/>
    <property name="line.separator" value="
"/>
    <property name="java.vm.specification.vendor" value="Oracle Corporation"/>
    <property name="user.variant" value=""/>
    <property name="os.name" value="Windows 10"/>
    <property name="classworlds.conf" value="C:\Program Files (x86)\apache-maven-3.8.2\bin\m2.conf"/>
    <property name="sun.jnu.encoding" value="Cp1252"/>
    <property name="java.library.path" value="C:\Program Files\Java\jdk-14.0.1\bin;C:\WINDOWS\Sun\Java\bin;C:\WINDOWS\system32;C:\WINDOWS;C:\Program Files (x86)\Common Files\Oracle\Java\javapath;C:\Windows\system32;C:\Windows;C:\Windows\System32\Wbem;C:\Windows\System32\WindowsPowerShell\v1.0\;C:\WINDOWS\system32;C:\WINDOWS;C:\WINDOWS\System32\Wbem;C:\WINDOWS\System32\WindowsPowerShell\v1.0\;C:\WINDOWS\System32\OpenSSH\;C:\Program Files (x86)\NVIDIA Corporation\PhysX\Common;C:\Program Files\Git\cmd;C:\Program Files (x86)\apache-maven-3.8.2\bin;C:\Program Files\Java\jdk-14.0.1\bin;%MAVEN_HOME%\bin;C:\Users\BOSKI\AppData\Local\Android\Sdk\platform-tools;C:\Users\BOSKI\AppData\Local\Programs\Python\Python311\Scripts;C:\Program Files\nodejs\;C:\gstreamer\1.0\msvc_x86_64\bin;C:\Program Files\NVIDIA Corporation\NVIDIA NvDLISR;C:\Program Files\dotnet\;C:\Users\BOSKI\AppData\Local\Microsoft\WindowsApps;C:\Users\BOSKI\AppData\Roaming\npm;F:\Android\Sdk\platform-tools;F:\Android\Sdk\tools;C:\Users\BOSKI\AppData\Local\Programs\Microsoft VS Code\bin;."/>
    <property name="maven.conf" value="C:\Program Files (x86)\apache-maven-3.8.2/conf"/>
    <property name="jdk.debug" value="release"/>
    <property name="java.class.version" value="58.0"/>
    <property name="java.specification.name" value="Java Platform API Specification"/>
    <property name="sun.management.compiler" value="HotSpot 64-Bit Tiered Compilers"/>
    <property name="os.version" value="10.0"/>
    <property name="user.home" value="C:\Users\BOSKI"/>
    <property name="user.timezone" value="Asia/Jakarta"/>
    <property name="file.encoding" value="Cp1252"/>
    <property name="java.specification.version" value="14"/>
    <property name="user.name" value="BOSKI"/>
    <property name="java.class.path" value="C:\Program Files (x86)\apache-maven-3.8.2\boot\plexus-classworlds-2.6.0.jar"/>
    <property name="java.vm.specification.version" value="14"/>
    <property name="sun.arch.data.model" value="64"/>
    <property name="sun.java.command" value="org.codehaus.plexus.classworlds.launcher.Launcher test"/>
    <property name="java.home" value="C:\Program Files\Java\jdk-14.0.1"/>
    <property name="user.language" value="en"/>
    <property name="java.specification.vendor" value="Oracle Corporation"/>
    <property name="java.vm.info" value="mixed mode, sharing"/>
    <property name="java.version" value="14.0.1"/>
    <property name="java.vendor" value="Oracle Corporation"/>
    <property name="sun.stderr.encoding" value="cp437"/>
    <property name="maven.home" value="C:\Program Files (x86)\apache-maven-3.8.2"/>
    <property name="file.separator" value="\"/>
    <property name="java.version.date" value="2020-04-14"/>
    <property name="java.vendor.url.bug" value="https://bugreport.java.com/bugreport/"/>
    <property name="sun.io.unicode.encoding" value="UnicodeLittle"/>
    <property name="sun.cpu.endian" value="little"/>
    <property name="sun.stdout.encoding" value="cp437"/>
    <property name="sun.cpu.isalist" value="amd64"/>
  </properties>
  <testcase classname="Registration Feature" name="[NEGATIVE] As a user, I want to fill Cermati Registration page with filling invalid phone, invalid email, invalid first name, and invalid last name" time="4.55"/>
  <testcase classname="Registration Feature" name="[NEGATIVE] As a user, I want to fill Cermati Registration page with filling valid phone, invalid email, invalid first name, and invalid last name" time="4.148"/>
  <testcase classname="Registration Feature" name="[NEGATIVE] As a user, I want to fill Cermati Registration page with filling valid phone, valid email, invalid first name, and invalid last name" time="4.069"/>
  <testcase classname="Registration Feature" name="[NEGATIVE] As a user, I want to fill Cermati Registration page with filling valid phone, valid email, valid first name, and invalid last name" time="4.077"/>
  <testcase classname="Registration Feature" name="[NEGATIVE] As a user, I want to fill Cermati Registration page with all valid but name characters count more than 100," time="4.313"/>
  <testcase classname="Registration Feature" name="[NEGATIVE] As a user, I want to fill Cermati Registration page with filling invalid phone (not starting with 08), valid email, valid first name, and valid last name" time="4.072"/>
  <testcase classname="Registration Feature" name="[NEGATIVE] As a user, I want to fill Cermati Registration page with filling valid phone, invalid email (without using @), valid first name, and valid last name #1" time="4.194"/>
  <testcase classname="Registration Feature" name="[NEGATIVE] As a user, I want to fill Cermati Registration page with filling valid phone, invalid email (without using @), valid first name, and valid last name #2" time="4.076"/>
  <testcase classname="Registration Feature" name="[POSITIVE] As a user, I want to be able to click TnC Syarat dan Ketentuan" time="3.845"/>
  <testcase classname="Registration Feature" name="[POSITIVE] As a user, I want to be able to click TnC Kebijakan Privasi" time="3.857"/>
  <testcase classname="Registration Feature" name="[POSITIVE] As a user, I want to register in Cermati page" time="14.172"/>
</testsuite>